#
# There is insufficient memory for the Java Runtime Environment to continue.
# Native memory allocation (mmap) failed to map 130023424 bytes. Error detail: G1 virtual space
# Possible reasons:
#   The system is out of physical RAM or swap space
#   This process is running with CompressedOops enabled, and the Java Heap may be blocking the growth of the native heap
# Possible solutions:
#   Reduce memory load on the system
#   Increase physical memory or swap space
#   Check if swap backing store is full
#   Decrease Java heap size (-Xmx/-Xms)
#   Decrease number of Java threads
#   Decrease Java thread stack sizes (-Xss)
#   Set larger code cache with -XX:ReservedCodeCacheSize=
#   JVM is running with Unscaled Compressed Oops mode in which the Java heap is
#     placed in the first 4GB address space. The Java Heap base address is the
#     maximum limit for the native heap growth. Please use -XX:HeapBaseMinAddress
#     to set the Java Heap base and to place the Java Heap above 4GB virtual address.
# This output file may be truncated or incomplete.
#
#  Out of Memory Error (os_windows.cpp:3616), pid=30492, tid=31356
#
# JRE version:  (21.0.4+7) (build )
# Java VM: OpenJDK 64-Bit Server VM (21.0.4+7-LTS, mixed mode, sharing, tiered, compressed oops, compressed class ptrs, g1 gc, windows-amd64)
# No core dump will be written. Minidumps are not enabled by default on client versions of Windows
#

---------------  S U M M A R Y ------------

Command Line: -Dfile.encoding=UTF-8 -Dstdout.encoding=UTF-8 -Dstderr.encoding=UTF-8 -XX:+ShowCodeDetailsInExceptionMessages com.Employee.Home

Host: 13th Gen Intel(R) Core(TM) i5-1335U, 12 cores, 7G,  Windows 11 , 64 bit Build 22621 (10.0.22621.3672)
Time: Sat Sep  7 17:18:57 2024 India Standard Time elapsed time: 0.032811 seconds (0d 0h 0m 0s)

---------------  T H R E A D  ---------------

Current thread (0x000002268612d990):  JavaThread "Unknown thread" [_thread_in_vm, id=31356, stack(0x00000033fa500000,0x00000033fa600000) (1024K)]

Stack: [0x00000033fa500000,0x00000033fa600000]
Native frames: (J=compiled Java code, j=interpreted, Vv=VM code, C=native code)
V  [jvm.dll+0x6cbcf9]
V  [jvm.dll+0x8a5551]
V  [jvm.dll+0x8a7a7e]
V  [jvm.dll+0x8a8153]
V  [jvm.dll+0x27eca6]
V  [jvm.dll+0x6c8445]
V  [jvm.dll+0x6bd13a]
V  [jvm.dll+0x354a0a]
V  [jvm.dll+0x35c5b6]
V  [jvm.dll+0x3adf3e]
V  [jvm.dll+0x3ae1e8]
V  [jvm.dll+0x328bcc]
V  [jvm.dll+0x32972b]
V  [jvm.dll+0x86e7b9]
V  [jvm.dll+0x3bac91]
V  [jvm.dll+0x857973]
V  [jvm.dll+0x44f32e]
V  [jvm.dll+0x450f71]
C  [jli.dll+0x5278]
C  [ucrtbase.dll+0x29333]
C  [KERNEL32.DLL+0x1257d]
C  [ntdll.dll+0x5af28]


---------------  P R O C E S S  ---------------

Threads class SMR info:
_java_thread_list=0x00007ffa4b313088, length=0, elements={
}

Java Threads: ( => current thread )
Total: 0

Other Threads:
  0x000002268642e560 WorkerThread "GC Thread#0"                     [id=9380, stack(0x00000033fa600000,0x00000033fa700000) (1024K)]
  0x00000226864407a0 ConcurrentGCThread "G1 Main Marker"            [id=28592, stack(0x00000033fa700000,0x00000033fa800000) (1024K)]
  0x00000226864431b0 WorkerThread "G1 Conc#0"                       [id=28700, stack(0x00000033fa800000,0x00000033fa900000) (1024K)]

[error occurred during error reporting (printing all threads), id 0xc0000005, EXCEPTION_ACCESS_VIOLATION (0xc0000005) at pc=0x00007ffa4aa1b4f7]
VM state: not at safepoint (not fully initialized)

VM Mutex/Monitor currently owned by a thread:  ([mutex/lock_event])
[0x00007ffa4b387408] Heap_lock - owner thread: 0x000002268612d990

Heap address: 0x0000000085800000, size: 1960 MB, Compressed Oops mode: 32-bit

CDS archive(s) mapped at: [0x0000000000000000-0x0000000000000000-0x0000000000000000), size 0, SharedBaseAddress: 0x0000000800000000, ArchiveRelocationMode: 1.
Narrow klass base: 0x0000000000000000, Narrow klass shift: 0, Narrow klass range: 0x0

GC Precious Log:
 CardTable entry size: 512
 Card Set container configuration: InlinePtr #cards 5 size 8 Array Of Cards #cards 12 size 40 Howl #buckets 4 coarsen threshold 1843 Howl Bitmap #cards 512 size 80 coarsen threshold 460 Card regions per heap region 1 cards per card region 2048

Heap:
 garbage-first heap   total 0K, used 0K [0x0000000085800000, 0x0000000100000000)
  region size 1024K, 0 young (0K), 0 survivors (0K)

[error occurred during error reporting (printing heap information), id 0xc0000005, EXCEPTION_ACCESS_VIOLATION (0xc0000005) at pc=0x00007ffa4ae05669]
GC Heap History (0 events):
No events

Dll operation events (1 events):
Event: 0.024 Loaded shared library C:\Users\hp\.p2\pool\plugins\org.eclipse.justj.openjdk.hotspot.jre.full.win32.x86_64_21.0.4.v20240802-1551\jre\bin\java.dll

Deoptimization events (0 events):
No events

Classes loaded (0 events):
No events

Classes unloaded (0 events):
No events

Classes redefined (0 events):
No events

Internal exceptions (0 events):
No events

ZGC Phase Switch (0 events):
No events

VM Operations (0 events):
No events

Memory protections (0 events):
No events

Nmethod flushes (0 events):
No events

Events (0 events):
No events


Dynamic libraries:
0x00007ff723a60000 - 0x00007ff723a6e000 	C:\Users\hp\.p2\pool\plugins\org.eclipse.justj.openjdk.hotspot.jre.full.win32.x86_64_21.0.4.v20240802-1551\jre\bin\javaw.exe
0x00007ffac8150000 - 0x00007ffac8367000 	C:\windows\SYSTEM32\ntdll.dll
0x00007ffac6760000 - 0x00007ffac6824000 	C:\windows\System32\KERNEL32.DLL
0x00007ffac5770000 - 0x00007ffac5b1d000 	C:\windows\System32\KERNELBASE.dll
0x00007ffac5650000 - 0x00007ffac5761000 	C:\windows\System32\ucrtbase.dll
0x00007ffa85d80000 - 0x00007ffa85d98000 	C:\Users\hp\.p2\pool\plugins\org.eclipse.justj.openjdk.hotspot.jre.full.win32.x86_64_21.0.4.v20240802-1551\jre\bin\jli.dll
0x00007ffa7a3b0000 - 0x00007ffa7a3cb000 	C:\Users\hp\.p2\pool\plugins\org.eclipse.justj.openjdk.hotspot.jre.full.win32.x86_64_21.0.4.v20240802-1551\jre\bin\VCRUNTIME140.dll
0x00007ffac6b70000 - 0x00007ffac6d1e000 	C:\windows\System32\USER32.dll
0x00007ffac55a0000 - 0x00007ffac55c6000 	C:\windows\System32\win32u.dll
0x00007ffa9ef10000 - 0x00007ffa9f1a3000 	C:\windows\WinSxS\amd64_microsoft.windows.common-controls_6595b64144ccf1df_6.0.22621.3672_none_2713b9d173822955\COMCTL32.dll
0x00007ffac7cc0000 - 0x00007ffac7ce9000 	C:\windows\System32\GDI32.dll
0x00007ffac66a0000 - 0x00007ffac6747000 	C:\windows\System32\msvcrt.dll
0x00007ffac5480000 - 0x00007ffac5599000 	C:\windows\System32\gdi32full.dll
0x00007ffac5b50000 - 0x00007ffac5bea000 	C:\windows\System32\msvcp_win.dll
0x00007ffac6890000 - 0x00007ffac68c1000 	C:\windows\System32\IMM32.DLL
0x00007ffa86cc0000 - 0x00007ffa86ccc000 	C:\Users\hp\.p2\pool\plugins\org.eclipse.justj.openjdk.hotspot.jre.full.win32.x86_64_21.0.4.v20240802-1551\jre\bin\vcruntime140_1.dll
0x00007ffa471c0000 - 0x00007ffa4724e000 	C:\Users\hp\.p2\pool\plugins\org.eclipse.justj.openjdk.hotspot.jre.full.win32.x86_64_21.0.4.v20240802-1551\jre\bin\msvcp140.dll
0x00007ffa4a6e0000 - 0x00007ffa4b468000 	C:\Users\hp\.p2\pool\plugins\org.eclipse.justj.openjdk.hotspot.jre.full.win32.x86_64_21.0.4.v20240802-1551\jre\bin\server\jvm.dll
0x00007ffac6380000 - 0x00007ffac6432000 	C:\windows\System32\ADVAPI32.dll
0x00007ffac62d0000 - 0x00007ffac6379000 	C:\windows\System32\sechost.dll
0x00007ffac5b20000 - 0x00007ffac5b48000 	C:\windows\System32\bcrypt.dll
0x00007ffac7620000 - 0x00007ffac7734000 	C:\windows\System32\RPCRT4.dll
0x00007ffac7d00000 - 0x00007ffac7d71000 	C:\windows\System32\WS2_32.dll
0x00007ffac5340000 - 0x00007ffac538d000 	C:\windows\SYSTEM32\POWRPROF.dll
0x00007ffabc220000 - 0x00007ffabc22a000 	C:\windows\SYSTEM32\VERSION.dll
0x00007ffabe7c0000 - 0x00007ffabe7f4000 	C:\windows\SYSTEM32\WINMM.dll
0x00007ffac5270000 - 0x00007ffac5283000 	C:\windows\SYSTEM32\UMPDC.dll
0x00007ffac4480000 - 0x00007ffac4498000 	C:\windows\SYSTEM32\kernel.appcore.dll
0x00007ffac12a0000 - 0x00007ffac12aa000 	C:\Users\hp\.p2\pool\plugins\org.eclipse.justj.openjdk.hotspot.jre.full.win32.x86_64_21.0.4.v20240802-1551\jre\bin\jimage.dll
0x00007ffac2ab0000 - 0x00007ffac2ce2000 	C:\windows\SYSTEM32\DBGHELP.DLL
0x00007ffac5eb0000 - 0x00007ffac6238000 	C:\windows\System32\combase.dll
0x00007ffac68d0000 - 0x00007ffac69a7000 	C:\windows\System32\OLEAUT32.dll
0x00007ffa9bce0000 - 0x00007ffa9bd12000 	C:\windows\SYSTEM32\dbgcore.DLL
0x00007ffac55d0000 - 0x00007ffac564b000 	C:\windows\System32\bcryptPrimitives.dll
0x00007ffac1280000 - 0x00007ffac129f000 	C:\Users\hp\.p2\pool\plugins\org.eclipse.justj.openjdk.hotspot.jre.full.win32.x86_64_21.0.4.v20240802-1551\jre\bin\java.dll

dbghelp: loaded successfully - version: 4.0.5 - missing functions: none
symbol engine: initialized successfully - sym options: 0x614 - pdb path: .;C:\Users\hp\.p2\pool\plugins\org.eclipse.justj.openjdk.hotspot.jre.full.win32.x86_64_21.0.4.v20240802-1551\jre\bin;C:\windows\SYSTEM32;C:\windows\WinSxS\amd64_microsoft.windows.common-controls_6595b64144ccf1df_6.0.22621.3672_none_2713b9d173822955;C:\Users\hp\.p2\pool\plugins\org.eclipse.justj.openjdk.hotspot.jre.full.win32.x86_64_21.0.4.v20240802-1551\jre\bin\server

VM Arguments:
jvm_args: -Dfile.encoding=UTF-8 -Dstdout.encoding=UTF-8 -Dstderr.encoding=UTF-8 -XX:+ShowCodeDetailsInExceptionMessages 
java_command: com.Employee.Home
java_class_path (initial): C:\Users\hp\OneDrive\Desktop\Java\EmployeeManagment\bin;C:\Users\hp\Downloads\mysql-connector-j-9.0.0\mysql-connector-j-9.0.0\mysql-connector-j-9.0.0.jar;C:\Users\hp\Downloads\jar_files\jcalendar-1.4.jar;C:\Users\hp\Downloads\ResultSet2xml.jar
Launcher Type: SUN_STANDARD

[Global flags]
     intx CICompilerCount                          = 4                                         {product} {ergonomic}
     uint ConcGCThreads                            = 3                                         {product} {ergonomic}
     uint G1ConcRefinementThreads                  = 10                                        {product} {ergonomic}
   size_t G1HeapRegionSize                         = 1048576                                   {product} {ergonomic}
    uintx GCDrainStackTargetSize                   = 64                                        {product} {ergonomic}
   size_t InitialHeapSize                          = 130023424                                 {product} {ergonomic}
   size_t MarkStackSize                            = 4194304                                   {product} {ergonomic}
   size_t MaxHeapSize                              = 2055208960                                {product} {ergonomic}
   size_t MinHeapDeltaBytes                        = 1048576                                   {product} {ergonomic}
   size_t MinHeapSize                              = 8388608                                   {product} {ergonomic}
    uintx NonNMethodCodeHeapSize                   = 5839372                                {pd product} {ergonomic}
    uintx NonProfiledCodeHeapSize                  = 122909434                              {pd product} {ergonomic}
    uintx ProfiledCodeHeapSize                     = 122909434                              {pd product} {ergonomic}
    uintx ReservedCodeCacheSize                    = 251658240                              {pd product} {ergonomic}
     bool SegmentedCodeCache                       = true                                      {product} {ergonomic}
     bool ShowCodeDetailsInExceptionMessages       = true                                   {manageable} {command line}
   size_t SoftMaxHeapSize                          = 2055208960                             {manageable} {ergonomic}
     bool UseCompressedOops                        = true                           {product lp64_product} {ergonomic}
     bool UseG1GC                                  = true                                      {product} {ergonomic}
     bool UseLargePagesIndividualAllocation        = false                                  {pd product} {ergonomic}

Logging:
Log output configuration:
 #0: stdout all=warning uptime,level,tags foldmultilines=false
 #1: stderr all=off uptime,level,tags foldmultilines=false

Environment Variables:
PATH=C:/Users/hp/.p2/pool/plugins/org.eclipse.justj.openjdk.hotspot.jre.full.win32.x86_64_21.0.4.v20240802-1551/jre/bin/server;C:/Users/hp/.p2/pool/plugins/org.eclipse.justj.openjdk.hotspot.jre.full.win32.x86_64_21.0.4.v20240802-1551/jre/bin;C:\windows\system32;C:\windows;C:\windows\System32\Wbem;C:\windows\System32\WindowsPowerShell\v1.0\;C:\windows\System32\OpenSSH\;C:\Program Files\HP\HP One Agent;C:\MinGW\bin;C:\Program Files\MySQL\MySQL Shell 8.0\bin\;C:\Users\hp\AppData\Local\Microsoft\WindowsApps;C:\Users\hp\AppData\Local\Programs\Microsoft VS Code\bin;C:\Users\hp\OneDrive\Desktop;
USERNAME=hp
OS=Windows_NT
PROCESSOR_IDENTIFIER=Intel64 Family 6 Model 186 Stepping 3, GenuineIntel
TMP=C:\Users\hp\AppData\Local\Temp
TEMP=C:\Users\hp\AppData\Local\Temp




Periodic native trim disabled

---------------  S Y S T E M  ---------------

OS:
 Windows 11 , 64 bit Build 22621 (10.0.22621.3672)
OS uptime: 0 days 2:04 hours
Hyper-V role detected

CPU: total 12 (initial active 12) (6 cores per cpu, 2 threads per core) family 6 model 186 stepping 3 microcode 0x4121, cx8, cmov, fxsr, ht, mmx, 3dnowpref, sse, sse2, sse3, ssse3, sse4.1, sse4.2, popcnt, lzcnt, tsc, tscinvbit, avx, avx2, aes, erms, clmul, bmi1, bmi2, adx, sha, fma, vzeroupper, clflush, clflushopt, clwb, hv, serialize, rdtscp, rdpid, fsrm, f16c, cet_ibt, cet_ss
Processor Information for processor 0
  Max Mhz: 1300, Current Mhz: 1300, Mhz Limit: 1300
Processor Information for processor 1
  Max Mhz: 1300, Current Mhz: 1300, Mhz Limit: 1300
Processor Information for processor 2
  Max Mhz: 1300, Current Mhz: 1300, Mhz Limit: 1300
Processor Information for processor 3
  Max Mhz: 1300, Current Mhz: 1300, Mhz Limit: 1300
Processor Information for processor 4
  Max Mhz: 1300, Current Mhz: 900, Mhz Limit: 897
Processor Information for processor 5
  Max Mhz: 1300, Current Mhz: 900, Mhz Limit: 897
Processor Information for processor 6
  Max Mhz: 1300, Current Mhz: 900, Mhz Limit: 897
Processor Information for processor 7
  Max Mhz: 1300, Current Mhz: 900, Mhz Limit: 897
Processor Information for processor 8
  Max Mhz: 1300, Current Mhz: 900, Mhz Limit: 897
Processor Information for processor 9
  Max Mhz: 1300, Current Mhz: 900, Mhz Limit: 897
Processor Information for processor 10
  Max Mhz: 1300, Current Mhz: 900, Mhz Limit: 897
Processor Information for processor 11
  Max Mhz: 1300, Current Mhz: 900, Mhz Limit: 897

Memory: 4k page, system-wide physical 7835M (329M free)
TotalPageFile size 31356M (AvailPageFile size 76M)
current process WorkingSet (physical memory assigned to process): 12M, peak: 12M
current process commit charge ("private bytes"): 64M, peak: 188M

vm_info: OpenJDK 64-Bit Server VM (21.0.4+7-LTS) for windows-amd64 JRE (21.0.4+7-LTS), built on 2024-07-16T00:00:00Z by "admin" with MS VC++ 17.7 (VS2022)

END.
